2025-10-23 12:42:57,430 [ERROR] [app_logger] Error de Supabase al obtener usuario por correo y teléfono: Could not query the database for the schema cache. Retrying.
2025-10-23 12:42:57,431 [ERROR] [app_logger] Error en login
2025-10-23 12:49:06,242 [ERROR] [app_logger] Error de Supabase al obtener usuario por correo y teléfono: Could not query the database for the schema cache. Retrying.
2025-10-23 12:49:06,243 [ERROR] [app_logger] Error en login
2025-10-23 12:54:11,099 [ERROR] [app_logger] Error al registrar usuario user@example.com: 400: El campo 'edad' es obligatorio
2025-10-23 12:54:31,464 [ERROR] [app_logger] Error inesperado al registrar usuario
2025-10-23 12:54:31,464 [ERROR] [app_logger] Error al registrar usuario user@example.com: 500: Error interno del servidor: 'telefono'
2025-10-23 12:57:53,332 [ERROR] [app_logger] Error inesperado al registrar usuario
2025-10-23 12:57:53,332 [ERROR] [app_logger] Error al registrar usuario user@example.com: 500: Error interno del servidor: expected string or bytes-like object, got 'int'
2025-10-23 12:59:27,957 [ERROR] [app_logger] Error inesperado al registrar usuario
2025-10-23 12:59:27,959 [ERROR] [app_logger] Error al registrar usuario user@example.com: 500: Error interno del servidor: expected string or bytes-like object, got 'int'
2025-10-30 10:47:40,299 [ERROR] [app_logger] Error de Supabase al verificar existencia de usuario por teléfono (6141320311): Could not query the database for the schema cache. Retrying.
2025-10-30 11:05:09,695 [ERROR] [app_logger] Error de Supabase al verificar existencia de usuario por teléfono (6141320311): Could not query the database for the schema cache. Retrying.
2025-10-30 11:05:09,695 [ERROR] [app_logger] Error de Supabase al verificar existencia de usuario por teléfono (6141320311): Could not query the database for the schema cache. Retrying.
2025-10-30 11:09:04,069 [ERROR] [app_logger] Error de Supabase al verificar existencia de usuario por teléfono (6141320311): Could not query the database for the schema cache. Retrying.
2025-10-30 11:09:04,069 [ERROR] [app_logger] Error de Supabase al verificar existencia de usuario por teléfono (6141320311): Could not query the database for the schema cache. Retrying.
2025-10-30 11:13:44,320 [ERROR] [app_logger] Error de Supabase al verificar existencia de usuario por teléfono (6141320311): Could not query the database for the schema cache. Retrying.
2025-10-30 11:13:44,320 [ERROR] [app_logger] Error de Supabase al verificar existencia de usuario por teléfono (6141320311): Could not query the database for the schema cache. Retrying.
2025-10-30 11:23:08,619 [ERROR] [app_logger] Error de Supabase al verificar existencia de usuario por teléfono (6141320311): column usuarios.id does not exist
2025-10-30 11:23:08,619 [ERROR] [app_logger] Error de Supabase al verificar existencia de usuario por teléfono (6141320311): column usuarios.id does not exist
2025-10-30 11:26:37,643 [ERROR] [app_logger] Error de Supabase al verificar existencia de usuario por teléfono (6141320311): column usuarios.id does not exist
2025-10-30 11:26:37,643 [ERROR] [app_logger] Error de Supabase al verificar existencia de usuario por teléfono (6141320311): column usuarios.id does not exist
2025-10-30 11:29:31,558 [ERROR] [app_logger] Error de Supabase al crear usuario: Could not find the 'correo' column of 'usuarios' in the schema cache
2025-10-30 11:29:31,558 [ERROR] [app_logger] Error de Supabase al crear usuario: Could not find the 'correo' column of 'usuarios' in the schema cache
2025-10-30 11:29:31,559 [ERROR] [app_logger] Error inesperado al registrar usuario
2025-10-30 11:29:31,559 [ERROR] [app_logger] Error inesperado al registrar usuario
2025-10-30 11:34:48,875 [ERROR] [app_logger] Error inesperado al registrar usuario
2025-10-30 11:34:48,875 [ERROR] [app_logger] Error inesperado al registrar usuario
2025-10-30 11:37:16,893 [ERROR] [app_logger] Error de Supabase al crear usuario: Could not find the 'entidadForanea' column of 'usuarios' in the schema cache
2025-10-30 11:37:16,893 [ERROR] [app_logger] Error de Supabase al crear usuario: Could not find the 'entidadForanea' column of 'usuarios' in the schema cache
2025-10-30 11:37:16,894 [ERROR] [app_logger] Error inesperado al registrar usuario
2025-10-30 11:37:16,894 [ERROR] [app_logger] Error inesperado al registrar usuario
2025-10-30 11:39:01,447 [ERROR] [app_logger] Error de Supabase al crear usuario: Could not find the 'entidadForanea' column of 'usuarios' in the schema cache
2025-10-30 11:39:01,447 [ERROR] [app_logger] Error de Supabase al crear usuario: Could not find the 'entidadForanea' column of 'usuarios' in the schema cache
2025-10-30 11:39:01,447 [ERROR] [app_logger] Error inesperado al registrar usuario
2025-10-30 11:39:01,447 [ERROR] [app_logger] Error inesperado al registrar usuario
2025-10-30 11:39:49,191 [ERROR] [app_logger] Error de Supabase al crear usuario: Could not find the 'idAdmin' column of 'usuarios' in the schema cache
2025-10-30 11:39:49,191 [ERROR] [app_logger] Error de Supabase al crear usuario: Could not find the 'idAdmin' column of 'usuarios' in the schema cache
2025-10-30 11:39:49,191 [ERROR] [app_logger] Error inesperado al registrar usuario
2025-10-30 11:39:49,191 [ERROR] [app_logger] Error inesperado al registrar usuario
2025-10-30 11:40:17,686 [ERROR] [app_logger] Error inesperado al registrar usuario
2025-10-30 11:40:17,686 [ERROR] [app_logger] Error inesperado al registrar usuario
2025-10-30 11:47:40,548 [ERROR] [app_logger] Error inesperado al registrar usuario
2025-10-30 11:47:40,548 [ERROR] [app_logger] Error inesperado al registrar usuario
2025-10-30 11:57:23,461 [ERROR] [app_logger] Error de Supabase al crear usuario: 'id'
2025-10-30 11:57:23,461 [ERROR] [app_logger] Error de Supabase al crear usuario: 'id'
2025-10-30 11:57:23,461 [ERROR] [app_logger] Error inesperado al registrar usuario
2025-10-30 11:57:23,461 [ERROR] [app_logger] Error inesperado al registrar usuario
2025-10-30 11:58:24,449 [ERROR] [app_logger] Error inesperado al registrar usuario
2025-10-30 11:58:24,449 [ERROR] [app_logger] Error inesperado al registrar usuario
2025-10-30 11:59:20,878 [ERROR] [app_logger] Error de Supabase al crear usuario: 0
2025-10-30 11:59:20,878 [ERROR] [app_logger] Error de Supabase al crear usuario: 0
2025-10-30 11:59:20,878 [ERROR] [app_logger] Error inesperado al registrar usuario
2025-10-30 11:59:20,878 [ERROR] [app_logger] Error inesperado al registrar usuario
2025-10-30 12:01:26,115 [ERROR] [app_logger] Error de Supabase al crear usuario: 0
2025-10-30 12:01:26,115 [ERROR] [app_logger] Error de Supabase al crear usuario: 0
2025-10-30 12:01:26,115 [ERROR] [app_logger] Error inesperado al registrar usuario
2025-10-30 12:01:26,115 [ERROR] [app_logger] Error inesperado al registrar usuario
2025-10-30 12:02:26,716 [ERROR] [app_logger] Error de Supabase al crear usuario: 0
2025-10-30 12:02:26,716 [ERROR] [app_logger] Error de Supabase al crear usuario: 0
2025-10-30 12:02:26,718 [ERROR] [app_logger] Error inesperado al registrar usuario
2025-10-30 12:02:26,718 [ERROR] [app_logger] Error inesperado al registrar usuario
2025-10-30 12:03:23,944 [ERROR] [app_logger] Error de Supabase al crear usuario: 0
2025-10-30 12:03:23,944 [ERROR] [app_logger] Error de Supabase al crear usuario: 0
2025-10-30 12:03:23,945 [ERROR] [app_logger] Error inesperado al registrar usuario
2025-10-30 12:03:23,945 [ERROR] [app_logger] Error inesperado al registrar usuario
2025-10-30 12:05:28,576 [ERROR] [app_logger] Error de Supabase al crear usuario: 0
2025-10-30 12:05:28,576 [ERROR] [app_logger] Error de Supabase al crear usuario: 0
2025-10-30 12:05:28,577 [ERROR] [app_logger] Error inesperado al registrar usuario
2025-10-30 12:05:28,577 [ERROR] [app_logger] Error inesperado al registrar usuario
2025-10-30 12:12:22,836 [ERROR] [app_logger] Error de Supabase al crear usuario: 0
2025-10-30 12:12:22,836 [ERROR] [app_logger] Error de Supabase al crear usuario: 0
2025-10-30 12:12:22,837 [ERROR] [app_logger] Error inesperado al registrar usuario
2025-10-30 12:12:22,837 [ERROR] [app_logger] Error inesperado al registrar usuario
2025-10-30 12:14:19,072 [ERROR] [app_logger] Error de Supabase al crear usuario: 0
2025-10-30 12:14:19,072 [ERROR] [app_logger] Error de Supabase al crear usuario: 0
2025-10-30 12:14:19,072 [ERROR] [app_logger] Error inesperado al registrar usuario
2025-10-30 12:14:19,072 [ERROR] [app_logger] Error inesperado al registrar usuario
2025-10-30 12:16:23,869 [ERROR] [app_logger] Error de Supabase al crear usuario: 0
2025-10-30 12:16:23,869 [ERROR] [app_logger] Error de Supabase al crear usuario: 0
2025-10-30 12:16:23,870 [ERROR] [app_logger] Error inesperado al registrar usuario
2025-10-30 12:16:23,870 [ERROR] [app_logger] Error inesperado al registrar usuario
2025-10-30 12:18:02,096 [ERROR] [app_logger] Error de Supabase al crear usuario: 0
2025-10-30 12:18:02,096 [ERROR] [app_logger] Error de Supabase al crear usuario: 0
2025-10-30 12:18:02,099 [ERROR] [app_logger] Error inesperado al registrar usuario
2025-10-30 12:18:02,099 [ERROR] [app_logger] Error inesperado al registrar usuario
2025-10-30 12:19:26,883 [ERROR] [app_logger] Error de Supabase al crear usuario: 0
2025-10-30 12:19:26,883 [ERROR] [app_logger] Error de Supabase al crear usuario: 0
2025-10-30 12:19:26,884 [ERROR] [app_logger] Error inesperado al registrar usuario
2025-10-30 12:19:26,884 [ERROR] [app_logger] Error inesperado al registrar usuario
2025-10-30 12:22:36,511 [ERROR] [app_logger] Error de Supabase al crear usuario: 0
2025-10-30 12:22:36,511 [ERROR] [app_logger] Error de Supabase al crear usuario: 0
2025-10-30 12:22:36,511 [ERROR] [app_logger] Error inesperado al registrar usuario
2025-10-30 12:22:36,511 [ERROR] [app_logger] Error inesperado al registrar usuario
2025-10-30 12:26:51,542 [ERROR] [app_logger] Error de Supabase al crear usuario: 0
2025-10-30 12:26:51,542 [ERROR] [app_logger] Error de Supabase al crear usuario: 0
2025-10-30 12:26:51,543 [ERROR] [app_logger] Error inesperado al registrar usuario
2025-10-30 12:26:51,543 [ERROR] [app_logger] Error inesperado al registrar usuario
2025-10-30 12:28:47,524 [ERROR] [app_logger] Error inesperado al registrar usuario
2025-10-30 12:28:47,524 [ERROR] [app_logger] Error inesperado al registrar usuario
2025-10-30 12:35:14,019 [ERROR] [app_logger] Error inesperado al registrar usuario
2025-10-30 12:35:14,019 [ERROR] [app_logger] Error inesperado al registrar usuario
2025-10-30 12:36:25,936 [ERROR] [app_logger] Error inesperado al registrar usuario
2025-10-30 12:36:25,936 [ERROR] [app_logger] Error inesperado al registrar usuario
2025-10-30 12:38:20,233 [ERROR] [app_logger] Error inesperado al registrar usuario
2025-10-30 12:38:20,233 [ERROR] [app_logger] Error inesperado al registrar usuario
2025-11-04 09:30:38,967 [ERROR] [app_logger] Error de Supabase al obtener usuario por correo y teléfono: {'code': 'PGRST108', 'details': None, 'hint': "Verify that 'correos' is included in the 'select' query parameter.", 'message': "'correos' is not an embedded resource in this request"}
2025-11-04 09:30:38,967 [ERROR] [app_logger] Error de Supabase al obtener usuario por correo y teléfono: {'code': 'PGRST108', 'details': None, 'hint': "Verify that 'correos' is included in the 'select' query parameter.", 'message': "'correos' is not an embedded resource in this request"}
2025-11-04 09:30:38,969 [ERROR] [app_logger] Error en login
2025-11-04 09:30:38,969 [ERROR] [app_logger] Error en login
2025-11-04 09:40:42,758 [ERROR] [app_logger] Error de Supabase al obtener usuario por correo y teléfono: {'code': '42703', 'details': None, 'hint': None, 'message': 'column usuarios.id does not exist'}
2025-11-04 09:40:42,758 [ERROR] [app_logger] Error de Supabase al obtener usuario por correo y teléfono: {'code': '42703', 'details': None, 'hint': None, 'message': 'column usuarios.id does not exist'}
2025-11-04 09:40:42,759 [ERROR] [app_logger] Error en login
2025-11-04 09:40:42,759 [ERROR] [app_logger] Error en login
2025-11-04 09:41:02,611 [ERROR] [app_logger] Error de Supabase al obtener usuario por correo y teléfono: {'code': '42703', 'details': None, 'hint': None, 'message': 'column correos.usuario_id does not exist'}
2025-11-04 09:41:02,611 [ERROR] [app_logger] Error de Supabase al obtener usuario por correo y teléfono: {'code': '42703', 'details': None, 'hint': None, 'message': 'column correos.usuario_id does not exist'}
2025-11-04 09:41:02,613 [ERROR] [app_logger] Error en login
2025-11-04 09:41:02,613 [ERROR] [app_logger] Error en login
2025-11-04 09:41:46,318 [ERROR] [app_logger] Error de Supabase al obtener usuario por correo y teléfono: {'code': '42703', 'details': None, 'hint': None, 'message': 'column correos.usuario_id does not exist'}
2025-11-04 09:41:46,318 [ERROR] [app_logger] Error de Supabase al obtener usuario por correo y teléfono: {'code': '42703', 'details': None, 'hint': None, 'message': 'column correos.usuario_id does not exist'}
2025-11-04 09:41:46,320 [ERROR] [app_logger] Error en login
2025-11-04 09:41:46,320 [ERROR] [app_logger] Error en login
2025-11-04 09:41:55,775 [ERROR] [app_logger] Error de Supabase al obtener usuario por correo y teléfono: {'code': '42703', 'details': None, 'hint': None, 'message': 'column usuarios.id does not exist'}
2025-11-04 09:41:55,775 [ERROR] [app_logger] Error de Supabase al obtener usuario por correo y teléfono: {'code': '42703', 'details': None, 'hint': None, 'message': 'column usuarios.id does not exist'}
2025-11-04 09:41:55,776 [ERROR] [app_logger] Error en login
2025-11-04 09:41:55,776 [ERROR] [app_logger] Error en login
2025-11-04 09:42:52,498 [ERROR] [app_logger] Error de Supabase al obtener usuario por correo y teléfono: {'code': '42703', 'details': None, 'hint': None, 'message': 'column usuarios.id does not exist'}
2025-11-04 09:42:52,498 [ERROR] [app_logger] Error de Supabase al obtener usuario por correo y teléfono: {'code': '42703', 'details': None, 'hint': None, 'message': 'column usuarios.id does not exist'}
2025-11-04 09:42:52,500 [ERROR] [app_logger] Error en login
2025-11-04 09:42:52,500 [ERROR] [app_logger] Error en login
2025-11-04 09:43:00,264 [ERROR] [app_logger] Error de Supabase al obtener usuario por correo y teléfono: {'code': '42703', 'details': None, 'hint': None, 'message': 'column usuarios.id does not exist'}
2025-11-04 09:43:00,264 [ERROR] [app_logger] Error de Supabase al obtener usuario por correo y teléfono: {'code': '42703', 'details': None, 'hint': None, 'message': 'column usuarios.id does not exist'}
2025-11-04 09:43:00,266 [ERROR] [app_logger] Error en login
2025-11-04 09:43:00,266 [ERROR] [app_logger] Error en login
2025-11-04 09:43:45,714 [ERROR] [app_logger] Error en login
2025-11-04 09:43:45,714 [ERROR] [app_logger] Error en login
2025-11-04 09:46:22,402 [ERROR] [app_logger] Error en login
2025-11-04 09:46:22,402 [ERROR] [app_logger] Error en login
